# JRE version: OpenJDK Runtime Environment (25.0.2+10) (build 25.0.2+10-69)
# Java VM: OpenJDK 64-Bit Server VM (25.0.2+10-69, mixed mode, sharing, tiered, compressed oops, compressed class ptrs, g1 gc, windows-amd64)
GC Precious Log:
 CardTable entry size: 512
 Card Set container configuration: InlinePtr #cards 4 size 8 Array Of Cards #cards 32 size 80 Howl #buckets 8 coarsen threshold 7372 Howl Bitmap #cards 1024 size 144 coarsen threshold 921 Card regions per heap region 1 cards per card region 8192
 CPUs: 12 total, 12 available
 Memory: 24260M
 Large Page Support: Disabled
 NUMA Support: Disabled
 Compressed Oops: Enabled (Zero based)
 Heap Region Size: 4M
 Heap Min Capacity: 8M
 Heap Initial Capacity: 380M
 Heap Max Capacity: 6068M
 Pre-touch: Disabled
 Parallel Workers: 10
 Concurrent Workers: 3
 Concurrent Refinement Workers: 10
 Periodic GC: Disabled
Heap:
 garbage-first heap   total reserved 6213632K, committed 110592K, used 63695K [0x0000000684c00000, 0x0000000800000000)
  region size 4096K, 7 young (28672K), 1 survivors (4096K)
GC Heap Usage History (14 events):
Event: 0.895 {heap Before GC invocations=0 (full 0):
 garbage-first heap   total reserved 6213632K, committed 393216K, used 50323K [0x0000000684c00000, 0x0000000800000000)
  region size 4096K, 12 young (49152K), 0 survivors (0K)
}
Event: 0.908 {heap After GC invocations=1 (full 0):
 garbage-first heap   total reserved 6213632K, committed 393216K, used 9473K [0x0000000684c00000, 0x0000000800000000)
  region size 4096K, 2 young (8192K), 2 survivors (8192K)
}
Event: 1.673 {heap Before GC invocations=1 (full 0):
 garbage-first heap   total reserved 6213632K, committed 393216K, used 75009K [0x0000000684c00000, 0x0000000800000000)
  region size 4096K, 20 young (81920K), 2 survivors (8192K)
}
Event: 1.688 {heap After GC invocations=2 (full 0):
 garbage-first heap   total reserved 6213632K, committed 393216K, used 15224K [0x0000000684c00000, 0x0000000800000000)
  region size 4096K, 4 young (16384K), 4 survivors (16384K)
}
Event: 9.027 {heap Before GC invocations=3 (full 0):
 garbage-first heap   total reserved 6213632K, committed 81920K, used 68472K [0x0000000684c00000, 0x0000000800000000)
  region size 4096K, 18 young (73728K), 4 survivors (16384K)
}
Event: 9.038 {heap After GC invocations=4 (full 0):
 garbage-first heap   total reserved 6213632K, committed 106496K, used 22384K [0x0000000684c00000, 0x0000000800000000)
  region size 4096K, 6 young (24576K), 6 survivors (24576K)
}
Event: 9.324 {heap Before GC invocations=4 (full 0):
 garbage-first heap   total reserved 6213632K, committed 106496K, used 55152K [0x0000000684c00000, 0x0000000800000000)
  region size 4096K, 15 young (61440K), 6 survivors (24576K)
}
Event: 9.335 {heap After GC invocations=5 (full 0):
 garbage-first heap   total reserved 6213632K, committed 110592K, used 39812K [0x0000000684c00000, 0x0000000800000000)
  region size 4096K, 2 young (8192K), 2 survivors (8192K)
}
Event: 10.661 {heap Before GC invocations=5 (full 0):
 garbage-first heap   total reserved 6213632K, committed 110592K, used 68484K [0x0000000684c00000, 0x0000000800000000)
  region size 4096K, 10 young (40960K), 2 survivors (8192K)
}
Event: 10.664 {heap After GC invocations=6 (full 0):
 garbage-first heap   total reserved 6213632K, committed 110592K, used 37533K [0x0000000684c00000, 0x0000000800000000)
  region size 4096K, 1 young (4096K), 1 survivors (4096K)
}
Event: 11.686 {heap Before GC invocations=6 (full 0):
 garbage-first heap   total reserved 6213632K, committed 110592K, used 66205K [0x0000000684c00000, 0x0000000800000000)
  region size 4096K, 8 young (32768K), 1 survivors (4096K)
}
Event: 11.687 {heap After GC invocations=7 (full 0):
 garbage-first heap   total reserved 6213632K, committed 110592K, used 43541K [0x0000000684c00000, 0x0000000800000000)
  region size 4096K, 1 young (4096K), 1 survivors (4096K)
}
Event: 11.720 {heap Before GC invocations=7 (full 0):
 garbage-first heap   total reserved 6213632K, committed 110592K, used 47637K [0x0000000684c00000, 0x0000000800000000)
  region size 4096K, 2 young (8192K), 1 survivors (4096K)
}
Event: 11.721 {heap After GC invocations=8 (full 0):
 garbage-first heap   total reserved 6213632K, committed 110592K, used 39119K [0x0000000684c00000, 0x0000000800000000)
  region size 4096K, 1 young (4096K), 1 survivors (4096K)
}

